<?xml version="1.0" encoding="UTF-8"?>
<testng-results skipped="0" failed="0" ignored="0" total="1" passed="1">
  <reporter-output>
  </reporter-output>
  <suite name="WebShopTestingSuite" duration-ms="62496" started-at="2021-08-19T12:47:08 IST" finished-at="2021-08-19T12:48:11 IST">
    <groups>
    </groups>
    <test name="WebShopTesting" duration-ms="62496" started-at="2021-08-19T12:47:08 IST" finished-at="2021-08-19T12:48:11 IST">
      <class name="webShopTestCases.WebShopTestCase1">
        <test-method status="PASS" signature="setup()[pri:0, instance:webShopTestCases.WebShopTestCase1@5faeada1]" name="setup" is-config="true" duration-ms="17086" started-at="2021-08-19T12:47:08 IST" finished-at="2021-08-19T12:47:25 IST">
          <reporter-output>
          </reporter-output>
        </test-method> <!-- setup -->
        <test-method status="PASS" signature="WebShopTest()[pri:0, instance:webShopTestCases.WebShopTestCase1@5faeada1]" name="WebShopTest" duration-ms="43608" started-at="2021-08-19T12:47:26 IST" finished-at="2021-08-19T12:48:09 IST">
          <reporter-output>
          </reporter-output>
        </test-method> <!-- WebShopTest -->
        <test-method status="PASS" signature="tearDown()[pri:0, instance:webShopTestCases.WebShopTestCase1@5faeada1]" name="tearDown" is-config="true" duration-ms="1698" started-at="2021-08-19T12:48:09 IST" finished-at="2021-08-19T12:48:11 IST">
          <reporter-output>
          </reporter-output>
        </test-method> <!-- tearDown -->
      </class> <!-- webShopTestCases.WebShopTestCase1 -->
    </test> <!-- WebShopTesting -->
  </suite> <!-- WebShopTestingSuite -->
</testng-results>
